[debug] [2021-12-02T08:42:44.956Z] ----------------------------------------------------------------------
[debug] [2021-12-02T08:42:44.958Z] Command:       C:\Program Files\nodejs\node.exe C:\Users\trist\AppData\Roaming\npm\node_modules\firebase-tools\lib\bin\firebase.js init
[debug] [2021-12-02T08:42:44.958Z] CLI Version:   9.23.0
[debug] [2021-12-02T08:42:44.959Z] Platform:      win32
[debug] [2021-12-02T08:42:44.959Z] Node Version:  v15.8.0
[debug] [2021-12-02T08:42:44.960Z] Time:          Thu Dec 02 2021 09:42:44 GMT+0100 (heure normale d’Europe centrale)
[debug] [2021-12-02T08:42:44.960Z] ----------------------------------------------------------------------
[debug] 
[debug] [2021-12-02T08:42:44.968Z] > command requires scopes: ["email","openid","https://www.googleapis.com/auth/cloudplatformprojects.readonly","https://www.googleapis.com/auth/firebase","https://www.googleapis.com/auth/cloud-platform"]
[debug] [2021-12-02T08:42:44.968Z] > authorizing via signed-in user (tristanmatteoli@gmail.com)
[info] 
     ######## #### ########  ######## ########     ###     ######  ########
     ##        ##  ##     ## ##       ##     ##  ##   ##  ##       ##
     ######    ##  ########  ######   ########  #########  ######  ######
     ##        ##  ##    ##  ##       ##     ## ##     ##       ## ##
     ##       #### ##     ## ######## ########  ##     ##  ######  ########

You're about to initialize a Firebase project in this directory:

  C:\Users\trist\Desktop\Ynov\M1\App mobile\Ionic\PokeIonic

[info] 
=== Project Setup
[info] 
[info] First, let's associate this project directory with a Firebase project.
[info] You can create multiple project aliases by running firebase use --add, 
[info] but for now we'll just set up a default project.
[info] 
[debug] [2021-12-02T08:42:57.497Z] > refreshing access token with scopes: []
[debug] [2021-12-02T08:42:57.497Z] >>> HTTP REQUEST POST https://www.googleapis.com/oauth2/v3/token  
 <request body omitted>
[debug] [2021-12-02T08:42:57.615Z] <<< HTTP RESPONSE 200 {"pragma":"no-cache","date":"Thu, 02 Dec 2021 08:42:58 GMT","expires":"Mon, 01 Jan 1990 00:00:00 GMT","cache-control":"no-cache, no-store, max-age=0, must-revalidate","content-type":"application/json; charset=utf-8","vary":"X-Origin, Referer, Origin,Accept-Encoding","server":"scaffolding on HTTPServer2","x-xss-protection":"0","x-frame-options":"SAMEORIGIN","x-content-type-options":"nosniff","alt-svc":"h3=\":443\"; ma=2592000,h3-29=\":443\"; ma=2592000,h3-Q050=\":443\"; ma=2592000,h3-Q046=\":443\"; ma=2592000,h3-Q043=\":443\"; ma=2592000,quic=\":443\"; ma=2592000; v=\"46,43\"","accept-ranges":"none","transfer-encoding":"chunked"}
[debug] [2021-12-02T08:42:57.632Z] >>> [apiv2][query] GET https://firebase.googleapis.com/v1beta1/projects pageSize=100
[debug] [2021-12-02T08:42:58.077Z] <<< [apiv2][status] GET https://firebase.googleapis.com/v1beta1/projects 200
[debug] [2021-12-02T08:42:58.077Z] <<< [apiv2][body] GET https://firebase.googleapis.com/v1beta1/projects [omitted]
[info] i  Using project pokeionic (PokeIonic) 
[info] 
=== Hosting Setup
[info] 
[info] Your public directory is the folder (relative to your project directory) that
[info] will contain Hosting assets to be uploaded with firebase deploy. If you
[info] have a build process for your assets, use your build's output directory.
[info] 
