[debug] [2021-11-25T13:33:44.503Z] ----------------------------------------------------------------------
[debug] [2021-11-25T13:33:44.506Z] Command:       C:\Program Files\nodejs\node.exe C:\Users\trist\AppData\Roaming\npm\node_modules\firebase-tools\lib\bin\firebase.js init
[debug] [2021-11-25T13:33:44.506Z] CLI Version:   9.23.0
[debug] [2021-11-25T13:33:44.507Z] Platform:      win32
[debug] [2021-11-25T13:33:44.507Z] Node Version:  v15.8.0
[debug] [2021-11-25T13:33:44.508Z] Time:          Thu Nov 25 2021 14:33:44 GMT+0100 (heure normale d’Europe centrale)
[debug] [2021-11-25T13:33:44.508Z] ----------------------------------------------------------------------
[debug] 
[debug] [2021-11-25T13:33:44.564Z] > command requires scopes: ["email","openid","https://www.googleapis.com/auth/cloudplatformprojects.readonly","https://www.googleapis.com/auth/firebase","https://www.googleapis.com/auth/cloud-platform"]
[debug] [2021-11-25T13:33:44.564Z] > authorizing via signed-in user (tristanmatteoli@gmail.com)
[info] 
     ######## #### ########  ######## ########     ###     ######  ########
     ##        ##  ##     ## ##       ##     ##  ##   ##  ##       ##
     ######    ##  ########  ######   ########  #########  ######  ######
     ##        ##  ##    ##  ##       ##     ## ##     ##       ## ##
     ##       #### ##     ## ######## ########  ##     ##  ######  ########

You're about to initialize a Firebase project in this directory:

  C:\Users\trist\Desktop\Ynov\M1\App mobile\Ionic\FireBase\myFirstIonicApp

Before we get started, keep in mind:

  * You are initializing within an existing Firebase project directory

